<?xml version="1.0" encoding="UTF-8"?>
<!-- Generated by org.testng.reporters.JUnitReportReporter -->
<testsuite hostname="DESKTOP-HM7G5QN" failures="0" tests="1" name="org.Luma.Freamwork.testcases.TC_001_validateLoginFunctionality" time="53.420" errors="0" timestamp="2024-08-05T01:05:23 IST" skipped="0">
  <testcase classname="org.Luma.Freamwork.testcases.TC_001_validateLoginFunctionality" name="TC_001_login_functionality" time="53.420"/>
</testsuite> <!-- org.Luma.Freamwork.testcases.TC_001_validateLoginFunctionality -->
